<?xml version="1.0" encoding="UTF-8"?>
<testng-results ignored="0" total="1" passed="1" failed="0" skipped="0">
  <reporter-output>
  </reporter-output>
  <suite started-at="2023-10-18T16:21:29 IST" name="Default suite" finished-at="2023-10-18T16:21:32 IST" duration-ms="3023">
    <groups>
    </groups>
    <test started-at="2023-10-18T16:21:29 IST" name="Default test" finished-at="2023-10-18T16:21:32 IST" duration-ms="3023">
      <class name="Testcases.Login">
        <test-method signature="login()[pri:0, instance:Testcases.Login@49c7b90e]" started-at="2023-10-18T16:21:29 IST" name="login" finished-at="2023-10-18T16:21:32 IST" duration-ms="2972" status="PASS">
          <reporter-output>
          </reporter-output>
        </test-method> <!-- login -->
      </class> <!-- Testcases.Login -->
    </test> <!-- Default test -->
  </suite> <!-- Default suite -->
</testng-results>
